{"/Users/noam.globerman/Documents/first-task/src/app.ts": {"path":"/Users/noam.globerman/Documents/first-task/src/app.ts","statementMap":{"0":{"start":{"line":1,"column":0},"end":{"line":1,"column":30}},"1":{"start":{"line":2,"column":0},"end":{"line":2,"column":28}},"2":{"start":{"line":3,"column":0},"end":{"line":3,"column":32}},"3":{"start":{"line":4,"column":0},"end":{"line":4,"column":51}},"4":{"start":{"line":5,"column":0},"end":{"line":5,"column":45}},"5":{"start":{"line":6,"column":0},"end":{"line":6,"column":45}},"6":{"start":{"line":7,"column":0},"end":{"line":7,"column":42}},"7":{"start":{"line":8,"column":0},"end":{"line":8,"column":40}},"8":{"start":{"line":9,"column":0},"end":{"line":9,"column":64}},"9":{"start":{"line":11,"column":0},"end":{"line":11,"column":16}},"10":{"start":{"line":13,"column":12},"end":{"line":13,"column":21}},"11":{"start":{"line":14,"column":13},"end":{"line":14,"column":37}},"12":{"start":{"line":16,"column":0},"end":{"line":16,"column":24}},"13":{"start":{"line":17,"column":0},"end":{"line":17,"column":54}},"14":{"start":{"line":18,"column":0},"end":{"line":18,"column":48}},"15":{"start":{"line":19,"column":0},"end":{"line":19,"column":29}},"16":{"start":{"line":21,"column":0},"end":{"line":41,"column":1}},"17":{"start":{"line":22,"column":18},"end":{"line":37,"column":4}},"18":{"start":{"line":39,"column":16},"end":{"line":39,"column":37}},"19":{"start":{"line":40,"column":2},"end":{"line":40,"column":64}},"20":{"start":{"line":44,"column":2},"end":{"line":50,"column":5}},"21":{"start":{"line":45,"column":4},"end":{"line":47,"column":69}},"22":{"start":{"line":46,"column":18},"end":{"line":46,"column":50}},"23":{"start":{"line":47,"column":20},"end":{"line":47,"column":67}},"24":{"start":{"line":49,"column":4},"end":{"line":49,"column":53}},"25":{"start":{"line":54,"column":0},"end":{"line":57,"column":1}},"26":{"start":{"line":55,"column":2},"end":{"line":55,"column":39}},"27":{"start":{"line":56,"column":2},"end":{"line":56,"column":16}},"28":{"start":{"line":59,"column":0},"end":{"line":59,"column":19}}},"fnMap":{"0":{"name":"startServer","decl":{"start":{"line":43,"column":9},"end":{"line":43,"column":20}},"loc":{"start":{"line":43,"column":20},"end":{"line":51,"column":1}}},"1":{"name":"(anonymous_2)","decl":{"start":{"line":44,"column":19},"end":{"line":44,"column":22}},"loc":{"start":{"line":44,"column":24},"end":{"line":50,"column":3}}},"2":{"name":"(anonymous_3)","decl":{"start":{"line":46,"column":12},"end":{"line":46,"column":15}},"loc":{"start":{"line":46,"column":18},"end":{"line":46,"column":50}}},"3":{"name":"(anonymous_4)","decl":{"start":{"line":47,"column":13},"end":{"line":47,"column":16}},"loc":{"start":{"line":47,"column":20},"end":{"line":47,"column":67}}}},"branchMap":{"0":{"loc":{"start":{"line":14,"column":13},"end":{"line":14,"column":37}},"type":"binary-expr","locations":[{"start":{"line":14,"column":13},"end":{"line":14,"column":29}},{"start":{"line":14,"column":33},"end":{"line":14,"column":37}}]},"1":{"loc":{"start":{"line":21,"column":0},"end":{"line":41,"column":1}},"type":"if","locations":[{"start":{"line":21,"column":0},"end":{"line":41,"column":1}}]},"2":{"loc":{"start":{"line":54,"column":0},"end":{"line":57,"column":1}},"type":"if","locations":[{"start":{"line":54,"column":0},"end":{"line":57,"column":1}}]}},"s":{"0":1,"1":1,"2":1,"3":1,"4":1,"5":1,"6":1,"7":1,"8":1,"9":1,"10":1,"11":1,"12":1,"13":1,"14":1,"15":1,"16":1,"17":0,"18":0,"19":0,"20":0,"21":0,"22":0,"23":0,"24":0,"25":1,"26":0,"27":0,"28":1},"f":{"0":0,"1":0,"2":0,"3":0},"b":{"0":[1,0],"1":[0],"2":[0]}}
,"/Users/noam.globerman/Documents/first-task/src/controllers/authController.ts": {"path":"/Users/noam.globerman/Documents/first-task/src/controllers/authController.ts","statementMap":{"0":{"start":{"line":2,"column":0},"end":{"line":2,"column":30}},"1":{"start":{"line":3,"column":0},"end":{"line":3,"column":31}},"2":{"start":{"line":4,"column":0},"end":{"line":4,"column":34}},"3":{"start":{"line":10,"column":28},"end":{"line":12,"column":1}},"4":{"start":{"line":11,"column":2},"end":{"line":11,"column":117}},"5":{"start":{"line":14,"column":29},"end":{"line":16,"column":1}},"6":{"start":{"line":15,"column":2},"end":{"line":15,"column":96}},"7":{"start":{"line":18,"column":24},"end":{"line":36,"column":2}},"8":{"start":{"line":18,"column":62},"end":{"line":36,"column":2}},"9":{"start":{"line":19,"column":2},"end":{"line":35,"column":3}},"10":{"start":{"line":20,"column":52},"end":{"line":20,"column":60}},"11":{"start":{"line":21,"column":4},"end":{"line":23,"column":5}},"12":{"start":{"line":22,"column":6},"end":{"line":22,"column":76}},"13":{"start":{"line":24,"column":25},"end":{"line":24,"column":54}},"14":{"start":{"line":25,"column":4},"end":{"line":27,"column":5}},"15":{"start":{"line":26,"column":6},"end":{"line":26,"column":72}},"16":{"start":{"line":28,"column":17},"end":{"line":28,"column":41}},"17":{"start":{"line":29,"column":27},"end":{"line":29,"column":60}},"18":{"start":{"line":30,"column":20},"end":{"line":30,"column":85}},"19":{"start":{"line":31,"column":4},"end":{"line":31,"column":25}},"20":{"start":{"line":32,"column":4},"end":{"line":32,"column":70}},"21":{"start":{"line":34,"column":4},"end":{"line":34,"column":51}},"22":{"start":{"line":18,"column":13},"end":{"line":18,"column":24}},"23":{"start":{"line":38,"column":21},"end":{"line":57,"column":2}},"24":{"start":{"line":38,"column":59},"end":{"line":57,"column":2}},"25":{"start":{"line":39,"column":2},"end":{"line":56,"column":3}},"26":{"start":{"line":40,"column":35},"end":{"line":40,"column":43}},"27":{"start":{"line":41,"column":17},"end":{"line":41,"column":49}},"28":{"start":{"line":42,"column":4},"end":{"line":44,"column":5}},"29":{"start":{"line":43,"column":6},"end":{"line":43,"column":63}},"30":{"start":{"line":45,"column":28},"end":{"line":45,"column":73}},"31":{"start":{"line":46,"column":4},"end":{"line":48,"column":5}},"32":{"start":{"line":47,"column":6},"end":{"line":47,"column":65}},"33":{"start":{"line":49,"column":24},"end":{"line":49,"column":49}},"34":{"start":{"line":50,"column":25},"end":{"line":50,"column":51}},"35":{"start":{"line":51,"column":4},"end":{"line":51,"column":37}},"36":{"start":{"line":52,"column":4},"end":{"line":52,"column":22}},"37":{"start":{"line":53,"column":4},"end":{"line":53,"column":56}},"38":{"start":{"line":55,"column":4},"end":{"line":55,"column":51}},"39":{"start":{"line":38,"column":13},"end":{"line":38,"column":21}},"40":{"start":{"line":59,"column":22},"end":{"line":61,"column":1}},"41":{"start":{"line":60,"column":2},"end":{"line":60,"column":63}},"42":{"start":{"line":59,"column":13},"end":{"line":59,"column":22}},"43":{"start":{"line":63,"column":28},"end":{"line":92,"column":2}},"44":{"start":{"line":63,"column":66},"end":{"line":92,"column":2}},"45":{"start":{"line":64,"column":21},"end":{"line":64,"column":49}},"46":{"start":{"line":65,"column":16},"end":{"line":65,"column":54}},"47":{"start":{"line":66,"column":2},"end":{"line":68,"column":3}},"48":{"start":{"line":67,"column":4},"end":{"line":67,"column":69}},"49":{"start":{"line":69,"column":2},"end":{"line":91,"column":5}},"50":{"start":{"line":69,"column":88},"end":{"line":91,"column":4}},"51":{"start":{"line":70,"column":4},"end":{"line":72,"column":5}},"52":{"start":{"line":71,"column":6},"end":{"line":71,"column":70}},"53":{"start":{"line":73,"column":4},"end":{"line":90,"column":5}},"54":{"start":{"line":74,"column":19},"end":{"line":74,"column":50}},"55":{"start":{"line":75,"column":6},"end":{"line":77,"column":7}},"56":{"start":{"line":76,"column":8},"end":{"line":76,"column":66}},"57":{"start":{"line":78,"column":6},"end":{"line":82,"column":7}},"58":{"start":{"line":79,"column":8},"end":{"line":79,"column":38}},"59":{"start":{"line":80,"column":8},"end":{"line":80,"column":26}},"60":{"start":{"line":81,"column":8},"end":{"line":81,"column":66}},"61":{"start":{"line":83,"column":26},"end":{"line":83,"column":51}},"62":{"start":{"line":84,"column":30},"end":{"line":84,"column":56}},"63":{"start":{"line":85,"column":6},"end":{"line":85,"column":42}},"64":{"start":{"line":86,"column":6},"end":{"line":86,"column":24}},"65":{"start":{"line":87,"column":6},"end":{"line":87,"column":75}},"66":{"start":{"line":89,"column":6},"end":{"line":89,"column":53}},"67":{"start":{"line":63,"column":13},"end":{"line":63,"column":28}}},"fnMap":{"0":{"name":"(anonymous_8)","decl":{"start":{"line":10,"column":28},"end":{"line":10,"column":29}},"loc":{"start":{"line":10,"column":42},"end":{"line":12,"column":1}}},"1":{"name":"(anonymous_9)","decl":{"start":{"line":14,"column":29},"end":{"line":14,"column":30}},"loc":{"start":{"line":14,"column":43},"end":{"line":16,"column":1}}},"2":{"name":"(anonymous_10)","decl":{"start":{"line":18,"column":24},"end":{"line":18,"column":31}},"loc":{"start":{"line":18,"column":62},"end":{"line":36,"column":2}}},"3":{"name":"(anonymous_11)","decl":{"start":{"line":18,"column":62},"end":{"line":18,"column":null}},"loc":{"start":{"line":18,"column":62},"end":{"line":36,"column":1}}},"4":{"name":"(anonymous_12)","decl":{"start":{"line":38,"column":21},"end":{"line":38,"column":28}},"loc":{"start":{"line":38,"column":59},"end":{"line":57,"column":2}}},"5":{"name":"(anonymous_13)","decl":{"start":{"line":38,"column":59},"end":{"line":38,"column":null}},"loc":{"start":{"line":38,"column":59},"end":{"line":57,"column":1}}},"6":{"name":"(anonymous_14)","decl":{"start":{"line":59,"column":22},"end":{"line":59,"column":23}},"loc":{"start":{"line":59,"column":54},"end":{"line":61,"column":1}}},"7":{"name":"(anonymous_15)","decl":{"start":{"line":63,"column":28},"end":{"line":63,"column":35}},"loc":{"start":{"line":63,"column":66},"end":{"line":92,"column":2}}},"8":{"name":"(anonymous_16)","decl":{"start":{"line":63,"column":66},"end":{"line":63,"column":null}},"loc":{"start":{"line":63,"column":66},"end":{"line":92,"column":1}}},"9":{"name":"(anonymous_17)","decl":{"start":{"line":69,"column":55},"end":{"line":69,"column":62}},"loc":{"start":{"line":69,"column":88},"end":{"line":91,"column":4}}},"10":{"name":"(anonymous_18)","decl":{"start":{"line":69,"column":88},"end":{"line":69,"column":null}},"loc":{"start":{"line":69,"column":88},"end":{"line":91,"column":3}}}},"branchMap":{"0":{"loc":{"start":{"line":21,"column":4},"end":{"line":23,"column":5}},"type":"if","locations":[{"start":{"line":21,"column":4},"end":{"line":23,"column":5}}]},"1":{"loc":{"start":{"line":21,"column":8},"end":{"line":21,"column":27}},"type":"binary-expr","locations":[{"start":{"line":21,"column":8},"end":{"line":21,"column":14}},{"start":{"line":21,"column":18},"end":{"line":21,"column":27}}]},"2":{"loc":{"start":{"line":25,"column":4},"end":{"line":27,"column":5}},"type":"if","locations":[{"start":{"line":25,"column":4},"end":{"line":27,"column":5}}]},"3":{"loc":{"start":{"line":42,"column":4},"end":{"line":44,"column":5}},"type":"if","locations":[{"start":{"line":42,"column":4},"end":{"line":44,"column":5}}]},"4":{"loc":{"start":{"line":46,"column":4},"end":{"line":48,"column":5}},"type":"if","locations":[{"start":{"line":46,"column":4},"end":{"line":48,"column":5}}]},"5":{"loc":{"start":{"line":65,"column":16},"end":{"line":65,"column":54}},"type":"binary-expr","locations":[{"start":{"line":65,"column":16},"end":{"line":65,"column":26}},{"start":{"line":65,"column":30},"end":{"line":65,"column":54}}]},"6":{"loc":{"start":{"line":66,"column":2},"end":{"line":68,"column":3}},"type":"if","locations":[{"start":{"line":66,"column":2},"end":{"line":68,"column":3}}]},"7":{"loc":{"start":{"line":70,"column":4},"end":{"line":72,"column":5}},"type":"if","locations":[{"start":{"line":70,"column":4},"end":{"line":72,"column":5}}]},"8":{"loc":{"start":{"line":75,"column":6},"end":{"line":77,"column":7}},"type":"if","locations":[{"start":{"line":75,"column":6},"end":{"line":77,"column":7}}]},"9":{"loc":{"start":{"line":78,"column":6},"end":{"line":82,"column":7}},"type":"if","locations":[{"start":{"line":78,"column":6},"end":{"line":82,"column":7}}]}},"s":{"0":1,"1":1,"2":1,"3":1,"4":3,"5":1,"6":3,"7":1,"8":2,"9":2,"10":2,"11":2,"12":0,"13":2,"14":2,"15":0,"16":2,"17":2,"18":2,"19":2,"20":2,"21":0,"22":1,"23":1,"24":2,"25":2,"26":2,"27":2,"28":2,"29":0,"30":2,"31":2,"32":0,"33":2,"34":2,"35":2,"36":2,"37":2,"38":0,"39":1,"40":1,"41":1,"42":1,"43":1,"44":1,"45":1,"46":1,"47":1,"48":0,"49":1,"50":1,"51":1,"52":0,"53":1,"54":1,"55":1,"56":0,"57":1,"58":0,"59":0,"60":0,"61":1,"62":1,"63":1,"64":1,"65":1,"66":0,"67":1},"f":{"0":3,"1":3,"2":2,"3":2,"4":2,"5":2,"6":1,"7":1,"8":1,"9":1,"10":1},"b":{"0":[0],"1":[2,2],"2":[0],"3":[0],"4":[0],"5":[1,1],"6":[0],"7":[0],"8":[0],"9":[0]}}
,"/Users/noam.globerman/Documents/first-task/src/controllers/commentController.ts": {"path":"/Users/noam.globerman/Documents/first-task/src/controllers/commentController.ts","statementMap":{"0":{"start":{"line":2,"column":0},"end":{"line":2,"column":40}},"1":{"start":{"line":4,"column":29},"end":{"line":13,"column":2}},"2":{"start":{"line":4,"column":82},"end":{"line":13,"column":2}},"3":{"start":{"line":5,"column":2},"end":{"line":12,"column":3}},"4":{"start":{"line":6,"column":38},"end":{"line":6,"column":46}},"5":{"start":{"line":7,"column":23},"end":{"line":7,"column":61}},"6":{"start":{"line":8,"column":4},"end":{"line":8,"column":28}},"7":{"start":{"line":9,"column":4},"end":{"line":9,"column":37}},"8":{"start":{"line":11,"column":4},"end":{"line":11,"column":51}},"9":{"start":{"line":4,"column":13},"end":{"line":4,"column":29}},"10":{"start":{"line":15,"column":29},"end":{"line":27,"column":2}},"11":{"start":{"line":15,"column":82},"end":{"line":27,"column":2}},"12":{"start":{"line":16,"column":2},"end":{"line":26,"column":3}},"13":{"start":{"line":17,"column":28},"end":{"line":17,"column":36}},"14":{"start":{"line":18,"column":27},"end":{"line":18,"column":97}},"15":{"start":{"line":19,"column":4},"end":{"line":22,"column":5}},"16":{"start":{"line":20,"column":6},"end":{"line":20,"column":59}},"17":{"start":{"line":21,"column":6},"end":{"line":21,"column":13}},"18":{"start":{"line":23,"column":4},"end":{"line":23,"column":41}},"19":{"start":{"line":25,"column":4},"end":{"line":25,"column":51}},"20":{"start":{"line":15,"column":13},"end":{"line":15,"column":29}},"21":{"start":{"line":29,"column":27},"end":{"line":46,"column":2}},"22":{"start":{"line":29,"column":80},"end":{"line":46,"column":2}},"23":{"start":{"line":30,"column":2},"end":{"line":45,"column":3}},"24":{"start":{"line":31,"column":19},"end":{"line":31,"column":29}},"25":{"start":{"line":32,"column":4},"end":{"line":42,"column":5}},"26":{"start":{"line":33,"column":22},"end":{"line":33,"column":55}},"27":{"start":{"line":34,"column":6},"end":{"line":37,"column":7}},"28":{"start":{"line":35,"column":8},"end":{"line":35,"column":61}},"29":{"start":{"line":36,"column":8},"end":{"line":36,"column":15}},"30":{"start":{"line":38,"column":6},"end":{"line":38,"column":36}},"31":{"start":{"line":40,"column":23},"end":{"line":40,"column":50}},"32":{"start":{"line":41,"column":6},"end":{"line":41,"column":37}},"33":{"start":{"line":44,"column":4},"end":{"line":44,"column":51}},"34":{"start":{"line":29,"column":13},"end":{"line":29,"column":27}},"35":{"start":{"line":48,"column":29},"end":{"line":60,"column":2}},"36":{"start":{"line":48,"column":82},"end":{"line":60,"column":2}},"37":{"start":{"line":49,"column":2},"end":{"line":59,"column":3}},"38":{"start":{"line":50,"column":19},"end":{"line":50,"column":29}},"39":{"start":{"line":51,"column":27},"end":{"line":51,"column":69}},"40":{"start":{"line":52,"column":4},"end":{"line":55,"column":5}},"41":{"start":{"line":53,"column":6},"end":{"line":53,"column":59}},"42":{"start":{"line":54,"column":6},"end":{"line":54,"column":13}},"43":{"start":{"line":56,"column":4},"end":{"line":56,"column":70}},"44":{"start":{"line":58,"column":4},"end":{"line":58,"column":51}},"45":{"start":{"line":48,"column":13},"end":{"line":48,"column":29}},"46":{"start":{"line":62,"column":33},"end":{"line":70,"column":2}},"47":{"start":{"line":62,"column":86},"end":{"line":70,"column":2}},"48":{"start":{"line":63,"column":2},"end":{"line":69,"column":3}},"49":{"start":{"line":64,"column":21},"end":{"line":64,"column":31}},"50":{"start":{"line":65,"column":21},"end":{"line":65,"column":56}},"51":{"start":{"line":66,"column":4},"end":{"line":66,"column":35}},"52":{"start":{"line":68,"column":4},"end":{"line":68,"column":51}},"53":{"start":{"line":62,"column":13},"end":{"line":62,"column":33}}},"fnMap":{"0":{"name":"(anonymous_8)","decl":{"start":{"line":4,"column":29},"end":{"line":4,"column":36}},"loc":{"start":{"line":4,"column":82},"end":{"line":13,"column":2}}},"1":{"name":"(anonymous_9)","decl":{"start":{"line":4,"column":82},"end":{"line":4,"column":null}},"loc":{"start":{"line":4,"column":82},"end":{"line":13,"column":1}}},"2":{"name":"(anonymous_10)","decl":{"start":{"line":15,"column":29},"end":{"line":15,"column":36}},"loc":{"start":{"line":15,"column":82},"end":{"line":27,"column":2}}},"3":{"name":"(anonymous_11)","decl":{"start":{"line":15,"column":82},"end":{"line":15,"column":null}},"loc":{"start":{"line":15,"column":82},"end":{"line":27,"column":1}}},"4":{"name":"(anonymous_12)","decl":{"start":{"line":29,"column":27},"end":{"line":29,"column":34}},"loc":{"start":{"line":29,"column":80},"end":{"line":46,"column":2}}},"5":{"name":"(anonymous_13)","decl":{"start":{"line":29,"column":80},"end":{"line":29,"column":null}},"loc":{"start":{"line":29,"column":80},"end":{"line":46,"column":1}}},"6":{"name":"(anonymous_14)","decl":{"start":{"line":48,"column":29},"end":{"line":48,"column":36}},"loc":{"start":{"line":48,"column":82},"end":{"line":60,"column":2}}},"7":{"name":"(anonymous_15)","decl":{"start":{"line":48,"column":82},"end":{"line":48,"column":null}},"loc":{"start":{"line":48,"column":82},"end":{"line":60,"column":1}}},"8":{"name":"(anonymous_16)","decl":{"start":{"line":62,"column":33},"end":{"line":62,"column":40}},"loc":{"start":{"line":62,"column":86},"end":{"line":70,"column":2}}},"9":{"name":"(anonymous_17)","decl":{"start":{"line":62,"column":86},"end":{"line":62,"column":null}},"loc":{"start":{"line":62,"column":86},"end":{"line":70,"column":1}}}},"branchMap":{"0":{"loc":{"start":{"line":19,"column":4},"end":{"line":22,"column":5}},"type":"if","locations":[{"start":{"line":19,"column":4},"end":{"line":22,"column":5}}]},"1":{"loc":{"start":{"line":32,"column":4},"end":{"line":42,"column":5}},"type":"if","locations":[{"start":{"line":32,"column":4},"end":{"line":42,"column":5}},{"start":{"line":39,"column":11},"end":{"line":42,"column":5}}]},"2":{"loc":{"start":{"line":32,"column":8},"end":{"line":32,"column":27}},"type":"binary-expr","locations":[{"start":{"line":32,"column":8},"end":{"line":32,"column":10}},{"start":{"line":32,"column":14},"end":{"line":32,"column":27}}]},"3":{"loc":{"start":{"line":34,"column":6},"end":{"line":37,"column":7}},"type":"if","locations":[{"start":{"line":34,"column":6},"end":{"line":37,"column":7}}]},"4":{"loc":{"start":{"line":52,"column":4},"end":{"line":55,"column":5}},"type":"if","locations":[{"start":{"line":52,"column":4},"end":{"line":55,"column":5}}]}},"s":{"0":1,"1":1,"2":1,"3":1,"4":1,"5":1,"6":1,"7":1,"8":0,"9":1,"10":1,"11":1,"12":1,"13":1,"14":1,"15":1,"16":0,"17":0,"18":1,"19":0,"20":1,"21":1,"22":2,"23":2,"24":2,"25":2,"26":1,"27":1,"28":0,"29":0,"30":1,"31":1,"32":1,"33":0,"34":1,"35":1,"36":1,"37":1,"38":1,"39":1,"40":1,"41":0,"42":0,"43":1,"44":0,"45":1,"46":1,"47":2,"48":2,"49":2,"50":2,"51":2,"52":0,"53":1},"f":{"0":1,"1":1,"2":1,"3":1,"4":2,"5":2,"6":1,"7":1,"8":2,"9":2},"b":{"0":[0],"1":[1,1],"2":[2,1],"3":[0],"4":[0]}}
,"/Users/noam.globerman/Documents/first-task/src/controllers/postController.ts": {"path":"/Users/noam.globerman/Documents/first-task/src/controllers/postController.ts","statementMap":{"0":{"start":{"line":2,"column":0},"end":{"line":2,"column":34}},"1":{"start":{"line":4,"column":23},"end":{"line":12,"column":2}},"2":{"start":{"line":4,"column":61},"end":{"line":12,"column":2}},"3":{"start":{"line":5,"column":2},"end":{"line":11,"column":3}},"4":{"start":{"line":6,"column":20},"end":{"line":6,"column":38}},"5":{"start":{"line":7,"column":4},"end":{"line":7,"column":25}},"6":{"start":{"line":8,"column":4},"end":{"line":8,"column":34}},"7":{"start":{"line":10,"column":4},"end":{"line":10,"column":51}},"8":{"start":{"line":4,"column":13},"end":{"line":4,"column":23}},"9":{"start":{"line":14,"column":27},"end":{"line":21,"column":2}},"10":{"start":{"line":14,"column":65},"end":{"line":21,"column":2}},"11":{"start":{"line":15,"column":2},"end":{"line":20,"column":3}},"12":{"start":{"line":16,"column":18},"end":{"line":16,"column":35}},"13":{"start":{"line":17,"column":4},"end":{"line":17,"column":32}},"14":{"start":{"line":19,"column":4},"end":{"line":19,"column":51}},"15":{"start":{"line":14,"column":13},"end":{"line":14,"column":27}},"16":{"start":{"line":23,"column":27},"end":{"line":34,"column":2}},"17":{"start":{"line":23,"column":65},"end":{"line":34,"column":2}},"18":{"start":{"line":24,"column":2},"end":{"line":33,"column":3}},"19":{"start":{"line":25,"column":24},"end":{"line":25,"column":34}},"20":{"start":{"line":26,"column":17},"end":{"line":26,"column":45}},"21":{"start":{"line":27,"column":4},"end":{"line":29,"column":5}},"22":{"start":{"line":28,"column":6},"end":{"line":28,"column":63}},"23":{"start":{"line":30,"column":4},"end":{"line":30,"column":31}},"24":{"start":{"line":32,"column":4},"end":{"line":32,"column":51}},"25":{"start":{"line":23,"column":13},"end":{"line":23,"column":27}},"26":{"start":{"line":36,"column":32},"end":{"line":46,"column":2}},"27":{"start":{"line":36,"column":70},"end":{"line":46,"column":2}},"28":{"start":{"line":37,"column":2},"end":{"line":45,"column":3}},"29":{"start":{"line":38,"column":19},"end":{"line":38,"column":35}},"30":{"start":{"line":39,"column":4},"end":{"line":39,"column":24}},"31":{"start":{"line":40,"column":18},"end":{"line":40,"column":44}},"32":{"start":{"line":41,"column":4},"end":{"line":41,"column":23}},"33":{"start":{"line":42,"column":4},"end":{"line":42,"column":32}},"34":{"start":{"line":44,"column":4},"end":{"line":44,"column":51}},"35":{"start":{"line":36,"column":13},"end":{"line":36,"column":32}},"36":{"start":{"line":48,"column":26},"end":{"line":59,"column":2}},"37":{"start":{"line":48,"column":64},"end":{"line":59,"column":2}},"38":{"start":{"line":49,"column":2},"end":{"line":58,"column":3}},"39":{"start":{"line":50,"column":24},"end":{"line":50,"column":34}},"40":{"start":{"line":51,"column":24},"end":{"line":51,"column":86}},"41":{"start":{"line":52,"column":4},"end":{"line":54,"column":5}},"42":{"start":{"line":53,"column":6},"end":{"line":53,"column":63}},"43":{"start":{"line":55,"column":4},"end":{"line":55,"column":38}},"44":{"start":{"line":57,"column":4},"end":{"line":57,"column":51}},"45":{"start":{"line":48,"column":13},"end":{"line":48,"column":26}}},"fnMap":{"0":{"name":"(anonymous_8)","decl":{"start":{"line":4,"column":23},"end":{"line":4,"column":30}},"loc":{"start":{"line":4,"column":61},"end":{"line":12,"column":2}}},"1":{"name":"(anonymous_9)","decl":{"start":{"line":4,"column":61},"end":{"line":4,"column":null}},"loc":{"start":{"line":4,"column":61},"end":{"line":12,"column":1}}},"2":{"name":"(anonymous_10)","decl":{"start":{"line":14,"column":27},"end":{"line":14,"column":34}},"loc":{"start":{"line":14,"column":65},"end":{"line":21,"column":2}}},"3":{"name":"(anonymous_11)","decl":{"start":{"line":14,"column":65},"end":{"line":14,"column":null}},"loc":{"start":{"line":14,"column":65},"end":{"line":21,"column":1}}},"4":{"name":"(anonymous_12)","decl":{"start":{"line":23,"column":27},"end":{"line":23,"column":34}},"loc":{"start":{"line":23,"column":65},"end":{"line":34,"column":2}}},"5":{"name":"(anonymous_13)","decl":{"start":{"line":23,"column":65},"end":{"line":23,"column":null}},"loc":{"start":{"line":23,"column":65},"end":{"line":34,"column":1}}},"6":{"name":"(anonymous_14)","decl":{"start":{"line":36,"column":32},"end":{"line":36,"column":39}},"loc":{"start":{"line":36,"column":70},"end":{"line":46,"column":2}}},"7":{"name":"(anonymous_15)","decl":{"start":{"line":36,"column":70},"end":{"line":36,"column":null}},"loc":{"start":{"line":36,"column":70},"end":{"line":46,"column":1}}},"8":{"name":"(anonymous_16)","decl":{"start":{"line":48,"column":26},"end":{"line":48,"column":33}},"loc":{"start":{"line":48,"column":64},"end":{"line":59,"column":2}}},"9":{"name":"(anonymous_17)","decl":{"start":{"line":48,"column":64},"end":{"line":48,"column":null}},"loc":{"start":{"line":48,"column":64},"end":{"line":59,"column":1}}}},"branchMap":{"0":{"loc":{"start":{"line":27,"column":4},"end":{"line":29,"column":5}},"type":"if","locations":[{"start":{"line":27,"column":4},"end":{"line":29,"column":5}}]},"1":{"loc":{"start":{"line":52,"column":4},"end":{"line":54,"column":5}},"type":"if","locations":[{"start":{"line":52,"column":4},"end":{"line":54,"column":5}}]}},"s":{"0":1,"1":1,"2":1,"3":1,"4":1,"5":1,"6":1,"7":0,"8":1,"9":1,"10":1,"11":1,"12":1,"13":1,"14":0,"15":1,"16":1,"17":1,"18":1,"19":1,"20":1,"21":1,"22":0,"23":1,"24":0,"25":1,"26":1,"27":1,"28":1,"29":1,"30":1,"31":1,"32":1,"33":1,"34":0,"35":1,"36":1,"37":1,"38":1,"39":1,"40":1,"41":1,"42":0,"43":1,"44":0,"45":1},"f":{"0":1,"1":1,"2":1,"3":1,"4":1,"5":1,"6":1,"7":1,"8":1,"9":1},"b":{"0":[0],"1":[0]}}
,"/Users/noam.globerman/Documents/first-task/src/middleware/authMiddleware.ts": {"path":"/Users/noam.globerman/Documents/first-task/src/middleware/authMiddleware.ts","statementMap":{"0":{"start":{"line":2,"column":0},"end":{"line":2,"column":31}},"1":{"start":{"line":8,"column":33},"end":{"line":23,"column":1}},"2":{"start":{"line":9,"column":21},"end":{"line":9,"column":49}},"3":{"start":{"line":10,"column":16},"end":{"line":10,"column":54}},"4":{"start":{"line":12,"column":2},"end":{"line":14,"column":3}},"5":{"start":{"line":13,"column":4},"end":{"line":13,"column":68}},"6":{"start":{"line":16,"column":2},"end":{"line":22,"column":5}},"7":{"start":{"line":17,"column":4},"end":{"line":19,"column":5}},"8":{"start":{"line":18,"column":6},"end":{"line":18,"column":69}},"9":{"start":{"line":20,"column":4},"end":{"line":20,"column":20}},"10":{"start":{"line":21,"column":4},"end":{"line":21,"column":11}},"11":{"start":{"line":8,"column":13},"end":{"line":8,"column":33}}},"fnMap":{"0":{"name":"(anonymous_1)","decl":{"start":{"line":8,"column":33},"end":{"line":8,"column":34}},"loc":{"start":{"line":8,"column":98},"end":{"line":23,"column":1}}},"1":{"name":"(anonymous_2)","decl":{"start":{"line":16,"column":54},"end":{"line":16,"column":55}},"loc":{"start":{"line":16,"column":68},"end":{"line":22,"column":3}}}},"branchMap":{"0":{"loc":{"start":{"line":10,"column":16},"end":{"line":10,"column":54}},"type":"binary-expr","locations":[{"start":{"line":10,"column":16},"end":{"line":10,"column":26}},{"start":{"line":10,"column":30},"end":{"line":10,"column":54}}]},"1":{"loc":{"start":{"line":12,"column":2},"end":{"line":14,"column":3}},"type":"if","locations":[{"start":{"line":12,"column":2},"end":{"line":14,"column":3}}]},"2":{"loc":{"start":{"line":17,"column":4},"end":{"line":19,"column":5}},"type":"if","locations":[{"start":{"line":17,"column":4},"end":{"line":19,"column":5}}]}},"s":{"0":1,"1":1,"2":13,"3":13,"4":13,"5":0,"6":13,"7":13,"8":0,"9":13,"10":13,"11":1},"f":{"0":13,"1":13},"b":{"0":[13,13],"1":[0],"2":[0]}}
,"/Users/noam.globerman/Documents/first-task/src/models/comment.ts": {"path":"/Users/noam.globerman/Documents/first-task/src/models/comment.ts","statementMap":{"0":{"start":{"line":1,"column":0},"end":{"line":1,"column":54}},"1":{"start":{"line":10,"column":30},"end":{"line":15,"column":2}},"2":{"start":{"line":17,"column":0},"end":{"line":17,"column":66}}},"fnMap":{},"branchMap":{},"s":{"0":1,"1":1,"2":1},"f":{},"b":{}}
,"/Users/noam.globerman/Documents/first-task/src/models/post.ts": {"path":"/Users/noam.globerman/Documents/first-task/src/models/post.ts","statementMap":{"0":{"start":{"line":1,"column":0},"end":{"line":1,"column":54}},"1":{"start":{"line":9,"column":27},"end":{"line":13,"column":2}},"2":{"start":{"line":15,"column":0},"end":{"line":15,"column":57}}},"fnMap":{},"branchMap":{},"s":{"0":1,"1":1,"2":1},"f":{},"b":{}}
,"/Users/noam.globerman/Documents/first-task/src/models/user.ts": {"path":"/Users/noam.globerman/Documents/first-task/src/models/user.ts","statementMap":{"0":{"start":{"line":1,"column":0},"end":{"line":1,"column":54}},"1":{"start":{"line":11,"column":27},"end":{"line":17,"column":2}},"2":{"start":{"line":19,"column":0},"end":{"line":19,"column":57}}},"fnMap":{},"branchMap":{},"s":{"0":1,"1":1,"2":1},"f":{},"b":{}}
,"/Users/noam.globerman/Documents/first-task/src/routes/authRoutes.ts": {"path":"/Users/noam.globerman/Documents/first-task/src/routes/authRoutes.ts","statementMap":{"0":{"start":{"line":1,"column":0},"end":{"line":1,"column":33}},"1":{"start":{"line":2,"column":0},"end":{"line":2,"column":86}},"2":{"start":{"line":3,"column":0},"end":{"line":3,"column":65}},"3":{"start":{"line":5,"column":15},"end":{"line":5,"column":23}},"4":{"start":{"line":152,"column":0},"end":{"line":152,"column":35}},"5":{"start":{"line":153,"column":0},"end":{"line":153,"column":29}},"6":{"start":{"line":154,"column":0},"end":{"line":154,"column":50}},"7":{"start":{"line":155,"column":0},"end":{"line":155,"column":44}},"8":{"start":{"line":157,"column":0},"end":{"line":157,"column":22}}},"fnMap":{},"branchMap":{},"s":{"0":1,"1":1,"2":1,"3":1,"4":1,"5":1,"6":1,"7":1,"8":1},"f":{},"b":{}}
,"/Users/noam.globerman/Documents/first-task/src/routes/commentRoutes.ts": {"path":"/Users/noam.globerman/Documents/first-task/src/routes/commentRoutes.ts","statementMap":{"0":{"start":{"line":1,"column":0},"end":{"line":1,"column":33}},"1":{"start":{"line":2,"column":0},"end":{"line":2,"column":127}},"2":{"start":{"line":4,"column":15},"end":{"line":4,"column":23}},"3":{"start":{"line":117,"column":0},"end":{"line":117,"column":32}},"4":{"start":{"line":145,"column":0},"end":{"line":145,"column":31}},"5":{"start":{"line":170,"column":0},"end":{"line":170,"column":37}},"6":{"start":{"line":199,"column":0},"end":{"line":199,"column":45}},"7":{"start":{"line":228,"column":0},"end":{"line":228,"column":42}},"8":{"start":{"line":230,"column":0},"end":{"line":230,"column":22}}},"fnMap":{},"branchMap":{},"s":{"0":1,"1":1,"2":1,"3":1,"4":1,"5":1,"6":1,"7":1,"8":1},"f":{},"b":{}}
,"/Users/noam.globerman/Documents/first-task/src/routes/postRoutes.ts": {"path":"/Users/noam.globerman/Documents/first-task/src/routes/postRoutes.ts","statementMap":{"0":{"start":{"line":1,"column":0},"end":{"line":1,"column":33}},"1":{"start":{"line":2,"column":0},"end":{"line":2,"column":112}},"2":{"start":{"line":4,"column":15},"end":{"line":4,"column":23}},"3":{"start":{"line":84,"column":0},"end":{"line":84,"column":26}},"4":{"start":{"line":107,"column":0},"end":{"line":107,"column":29}},"5":{"start":{"line":136,"column":0},"end":{"line":136,"column":40}},"6":{"start":{"line":165,"column":0},"end":{"line":165,"column":40}},"7":{"start":{"line":200,"column":0},"end":{"line":200,"column":36}},"8":{"start":{"line":202,"column":0},"end":{"line":202,"column":22}}},"fnMap":{},"branchMap":{},"s":{"0":1,"1":1,"2":1,"3":1,"4":1,"5":1,"6":1,"7":1,"8":1},"f":{},"b":{}}
}
